0 info it worked if it ends with ok
1 verbose cli [ 'node', '/usr/local/bin/npm', 'install', '_mocha', '--save-dev' ]
2 info using npm@2.7.4
3 info using node@v0.12.2
4 silly cache add args [ '_mocha', null ]
5 verbose cache add spec _mocha
6 silly cache add parsed spec { raw: '_mocha',
6 silly cache add   scope: null,
6 silly cache add   name: null,
6 silly cache add   rawSpec: '_mocha',
6 silly cache add   spec: '/Users/luis/Documents/Programming/hio/hio-app/_mocha',
6 silly cache add   type: 'local' }
7 error addLocal Could not install /Users/luis/Documents/Programming/hio/hio-app/_mocha
8 verbose stack Error: ENOENT, open '/Users/luis/Documents/Programming/hio/hio-app/_mocha'
8 verbose stack     at Error (native)
9 verbose cwd /Users/luis/Documents/Programming/hio/hio-app
10 error Darwin 14.1.0
11 error argv "node" "/usr/local/bin/npm" "install" "_mocha" "--save-dev"
12 error node v0.12.2
13 error npm  v2.7.4
14 error path /Users/luis/Documents/Programming/hio/hio-app/_mocha
15 error code ENOENT
16 error errno -2
17 error enoent ENOENT, open '/Users/luis/Documents/Programming/hio/hio-app/_mocha'
17 error enoent This is most likely not a problem with npm itself
17 error enoent and is related to npm not being able to find a file.
18 verbose exit [ -2, true ]
